('start', 0)
('def', 0)
('n', (36, 0))
(':', 0)
('int', 0)
(';', 0)
('def', 0)
('i', (31, 0))
(':', 0)
('int', 0)
('=', 0)
('3', (14, 0))
(';', 0)
('read', 0)
('(', 0)
('n', (36, 0))
(')', 0)
(';', 0)
('if', 0)
('(', 0)
('n', (36, 0))
('==', 0)
('2', (13, 0))
(')', 0)
('then', 0)
('{', 0)
('log', 0)
('(', 0)
('"prime"', (17, 0))
(')', 0)
(';', 0)
('}', 0)
('while', 0)
('(', 0)
('i', (31, 0))
('*', 0)
('i', (31, 0))
('<', 0)
('n', (36, 0))
(')', 0)
('execute', 0)
('{', 0)
('if', 0)
('(', 0)
('n', (36, 0))
('%', 0)
('i', (31, 0))
('==', 0)
('0', (11, 0))
(')', 0)
('{', 0)
('log', 0)
('(', 0)
('"nonPrime"', (20, 0))
(')', 0)
(';', 0)
('exit', 0)
(';', 0)
('}', 0)
('i', (31, 0))
('=', 0)
('i', (31, 0))
('+', 0)
('2', (13, 0))
(';', 0)
('}', 0)
('log', 0)
('(', 0)
('"nonPrime"', (20, 0))
(')', 0)
(';', 0)
('finish', 0)
